<?xml version="1.0" encoding="UTF-8"?>
<!-- Generated by org.testng.reporters.JUnitReportReporter -->
<testsuite skipped="0" hostname="DESKTOP-A3HVBU0" name="testSuite.AddBoxesTest" tests="1" failures="0" timestamp="20 Apr 2020 11:01:01 GMT" time="23.975" errors="0">
  <testcase name="BoxesListTest" time="23.975" classname="testSuite.AddBoxesTest"/>
</testsuite> <!-- testSuite.AddBoxesTest -->
