<?xml version="1.0" encoding="UTF-8"?>
<!-- Generated by org.testng.reporters.JUnitReportReporter -->
<testsuite skipped="0" hostname="DESKTOP-A3HVBU0" name="testSuite.ContactsTest" tests="1" failures="0" timestamp="22 Apr 2020 21:19:50 GMT" time="40.110" errors="0">
  <testcase name="verifyLabelsTest" time="40.110" classname="testSuite.ContactsTest"/>
</testsuite> <!-- testSuite.ContactsTest -->
